<?xml version="1.0" encoding="UTF-8"?>
<testng-results skipped="0" failed="0" ignored="0" total="1" passed="1">
  <reporter-output>
  </reporter-output>
  <suite name="Default suite" duration-ms="26" started-at="2019-02-05T12:20:50Z" finished-at="2019-02-05T12:20:50Z">
    <groups>
    </groups>
    <test name="Default test" duration-ms="26" started-at="2019-02-05T12:20:50Z" finished-at="2019-02-05T12:20:50Z">
      <class name="com.qainfotech.testng.TestConsecutiveString">
        <test-method status="PASS" signature="testConsecutiveString()[pri:0, instance:com.qainfotech.testng.TestConsecutiveString@4f933fd1]" name="testConsecutiveString" duration-ms="8" started-at="2019-02-05T12:20:50Z" finished-at="2019-02-05T12:20:50Z">
          <reporter-output>
          </reporter-output>
        </test-method> <!-- testConsecutiveString -->
      </class> <!-- com.qainfotech.testng.TestConsecutiveString -->
    </test> <!-- Default test -->
  </suite> <!-- Default suite -->
</testng-results>
